<?xml version="1.0" encoding="UTF-8"?>
<testsuite name="org.therestaurant.tweb.jpa.JpaApplicationTests" tests="1" skipped="0" failures="0" errors="0" timestamp="2020-12-16T10:12:42" hostname="ds-TUF-Gaming-FX505DY-FX505DY" time="0.093">
  <properties/>
  <testcase name="contextLoads()" classname="org.therestaurant.tweb.jpa.JpaApplicationTests" time="0.093"/>
  <system-out><![CDATA[10:12:37.687 [Test worker] DEBUG org.springframework.test.context.BootstrapUtils - Instantiating CacheAwareContextLoaderDelegate from class [org.springframework.test.context.cache.DefaultCacheAwareContextLoaderDelegate]
10:12:37.706 [Test worker] DEBUG org.springframework.test.context.BootstrapUtils - Instantiating BootstrapContext using constructor [public org.springframework.test.context.support.DefaultBootstrapContext(java.lang.Class,org.springframework.test.context.CacheAwareContextLoaderDelegate)]
10:12:37.741 [Test worker] DEBUG org.springframework.test.context.BootstrapUtils - Instantiating TestContextBootstrapper for test class [org.therestaurant.tweb.jpa.JpaApplicationTests] from class [org.springframework.boot.test.context.SpringBootTestContextBootstrapper]
10:12:37.751 [Test worker] INFO org.springframework.boot.test.context.SpringBootTestContextBootstrapper - Neither @ContextConfiguration nor @ContextHierarchy found for test class [org.therestaurant.tweb.jpa.JpaApplicationTests], using SpringBootContextLoader
10:12:37.754 [Test worker] DEBUG org.springframework.test.context.support.AbstractContextLoader - Did not detect default resource location for test class [org.therestaurant.tweb.jpa.JpaApplicationTests]: class path resource [org/therestaurant/tweb/jpa/JpaApplicationTests-context.xml] does not exist
10:12:37.755 [Test worker] DEBUG org.springframework.test.context.support.AbstractContextLoader - Did not detect default resource location for test class [org.therestaurant.tweb.jpa.JpaApplicationTests]: class path resource [org/therestaurant/tweb/jpa/JpaApplicationTestsContext.groovy] does not exist
10:12:37.755 [Test worker] INFO org.springframework.test.context.support.AbstractContextLoader - Could not detect default resource locations for test class [org.therestaurant.tweb.jpa.JpaApplicationTests]: no resource found for suffixes {-context.xml, Context.groovy}.
10:12:37.756 [Test worker] INFO org.springframework.test.context.support.AnnotationConfigContextLoaderUtils - Could not detect default configuration classes for test class [org.therestaurant.tweb.jpa.JpaApplicationTests]: JpaApplicationTests does not declare any static, non-private, non-final, nested classes annotated with @Configuration.
10:12:37.798 [Test worker] DEBUG org.springframework.test.context.support.ActiveProfilesUtils - Could not find an 'annotation declaring class' for annotation type [org.springframework.test.context.ActiveProfiles] and class [org.therestaurant.tweb.jpa.JpaApplicationTests]
10:12:37.873 [Test worker] DEBUG org.springframework.context.annotation.ClassPathScanningCandidateComponentProvider - Identified candidate component class: file [/home/ds/Desktop/College/WebTec/A8/the-restaurant-jpa/build/classes/java/main/org/therestaurant/tweb/jpa/TheRestaurantJpaApplication.class]
10:12:37.875 [Test worker] INFO org.springframework.boot.test.context.SpringBootTestContextBootstrapper - Found @SpringBootConfiguration org.therestaurant.tweb.jpa.TheRestaurantJpaApplication for test class org.therestaurant.tweb.jpa.JpaApplicationTests
10:12:38.006 [Test worker] DEBUG org.springframework.boot.test.context.SpringBootTestContextBootstrapper - @TestExecutionListeners is not present for class [org.therestaurant.tweb.jpa.JpaApplicationTests]: using defaults.
10:12:38.007 [Test worker] INFO org.springframework.boot.test.context.SpringBootTestContextBootstrapper - Loaded default TestExecutionListener class names from location [META-INF/spring.factories]: [org.springframework.boot.test.autoconfigure.restdocs.RestDocsTestExecutionListener, org.springframework.boot.test.autoconfigure.web.client.MockRestServiceServerResetTestExecutionListener, org.springframework.boot.test.autoconfigure.web.servlet.MockMvcPrintOnlyOnFailureTestExecutionListener, org.springframework.boot.test.autoconfigure.web.servlet.WebDriverTestExecutionListener, org.springframework.boot.test.autoconfigure.webservices.client.MockWebServiceServerTestExecutionListener, org.springframework.boot.test.mock.mockito.MockitoTestExecutionListener, org.springframework.boot.test.mock.mockito.ResetMocksTestExecutionListener, org.springframework.test.context.web.ServletTestExecutionListener, org.springframework.test.context.support.DirtiesContextBeforeModesTestExecutionListener, org.springframework.test.context.support.DependencyInjectionTestExecutionListener, org.springframework.test.context.support.DirtiesContextTestExecutionListener, org.springframework.test.context.transaction.TransactionalTestExecutionListener, org.springframework.test.context.jdbc.SqlScriptsTestExecutionListener, org.springframework.test.context.event.EventPublishingTestExecutionListener]
10:12:38.024 [Test worker] INFO org.springframework.boot.test.context.SpringBootTestContextBootstrapper - Using TestExecutionListeners: [org.springframework.test.context.web.ServletTestExecutionListener@4a0eddec, org.springframework.test.context.support.DirtiesContextBeforeModesTestExecutionListener@17821b5b, org.springframework.boot.test.mock.mockito.MockitoTestExecutionListener@19702956, org.springframework.boot.test.autoconfigure.SpringBootDependencyInjectionTestExecutionListener@4a12031e, org.springframework.test.context.support.DirtiesContextTestExecutionListener@764f460d, org.springframework.test.context.transaction.TransactionalTestExecutionListener@7110d35c, org.springframework.test.context.jdbc.SqlScriptsTestExecutionListener@69327eb1, org.springframework.test.context.event.EventPublishingTestExecutionListener@33628a7a, org.springframework.boot.test.autoconfigure.restdocs.RestDocsTestExecutionListener@3f11dd35, org.springframework.boot.test.autoconfigure.web.client.MockRestServiceServerResetTestExecutionListener@486c63b8, org.springframework.boot.test.autoconfigure.web.servlet.MockMvcPrintOnlyOnFailureTestExecutionListener@32514bf2, org.springframework.boot.test.autoconfigure.web.servlet.WebDriverTestExecutionListener@15472698, org.springframework.boot.test.autoconfigure.webservices.client.MockWebServiceServerTestExecutionListener@240ea970, org.springframework.boot.test.mock.mockito.ResetMocksTestExecutionListener@fd46fea]
10:12:38.039 [Test worker] DEBUG org.springframework.test.context.support.AbstractDirtiesContextTestExecutionListener - Before test class: context [DefaultTestContext@7062300e testClass = JpaApplicationTests, testInstance = [null], testMethod = [null], testException = [null], mergedContextConfiguration = [WebMergedContextConfiguration@51464b8d testClass = JpaApplicationTests, locations = '{}', classes = '{class org.therestaurant.tweb.jpa.TheRestaurantJpaApplication}', contextInitializerClasses = '[]', activeProfiles = '{}', propertySourceLocations = '{}', propertySourceProperties = '{org.springframework.boot.test.context.SpringBootTestContextBootstrapper=true}', contextCustomizers = set[org.springframework.boot.test.autoconfigure.actuate.metrics.MetricsExportContextCustomizerFactory$DisableMetricExportContextCustomizer@1b5309eb, org.springframework.boot.test.autoconfigure.properties.PropertyMappingContextCustomizer@0, org.springframework.boot.test.autoconfigure.web.servlet.WebDriverContextCustomizerFactory$Customizer@5974fbe2, org.springframework.boot.test.context.filter.ExcludeFilterContextCustomizer@40b4d8ac, org.springframework.boot.test.json.DuplicateJsonObjectContextCustomizerFactory$DuplicateJsonObjectContextCustomizer@6e998097, org.springframework.boot.test.mock.mockito.MockitoContextCustomizer@0, org.springframework.boot.test.web.client.TestRestTemplateContextCustomizer@7cfcc583, org.springframework.boot.test.context.SpringBootTestArgs@1, org.springframework.boot.test.context.SpringBootTestWebEnvironment@6a62d48b], resourceBasePath = 'src/main/webapp', contextLoader = 'org.springframework.boot.test.context.SpringBootContextLoader', parent = [null]], attributes = map['org.springframework.test.context.web.ServletTestExecutionListener.activateListener' -> true]], class annotated with @DirtiesContext [false] with mode [null].
10:12:38.071 [Test worker] DEBUG org.springframework.test.context.support.TestPropertySourceUtils - Adding inlined properties to environment: {spring.jmx.enabled=false, org.springframework.boot.test.context.SpringBootTestContextBootstrapper=true}

  .   ____          _            __ _ _
 /\\ / ___'_ __ _ _(_)_ __  __ _ \ \ \ \
( ( )\___ | '_ | '_| | '_ \/ _` | \ \ \ \
 \\/  ___)| |_)| | | | | || (_| |  ) ) ) )
  '  |____| .__|_| |_|_| |_\__, | / / / /
 =========|_|==============|___/=/_/_/_/
 :: Spring Boot ::                (v2.4.1)

2020-12-16 10:12:38.353  INFO 17543 --- [    Test worker] o.t.tweb.jpa.JpaApplicationTests         : Starting JpaApplicationTests using Java 1.8.0_265 on ds-TUF-Gaming-FX505DY-FX505DY with PID 17543 (started by ds in /home/ds/Desktop/College/WebTec/A8/the-restaurant-jpa)
2020-12-16 10:12:38.357  INFO 17543 --- [    Test worker] o.t.tweb.jpa.JpaApplicationTests         : No active profile set, falling back to default profiles: default
2020-12-16 10:12:39.123  INFO 17543 --- [    Test worker] .s.d.r.c.RepositoryConfigurationDelegate : Bootstrapping Spring Data JPA repositories in DEFAULT mode.
2020-12-16 10:12:39.180  INFO 17543 --- [    Test worker] .s.d.r.c.RepositoryConfigurationDelegate : Finished Spring Data repository scanning in 48 ms. Found 1 JPA repository interfaces.
2020-12-16 10:12:39.824  INFO 17543 --- [    Test worker] o.hibernate.jpa.internal.util.LogHelper  : HHH000204: Processing PersistenceUnitInfo [name: default]
2020-12-16 10:12:39.872  INFO 17543 --- [    Test worker] org.hibernate.Version                    : HHH000412: Hibernate ORM core version 5.4.25.Final
2020-12-16 10:12:40.052  INFO 17543 --- [    Test worker] o.hibernate.annotations.common.Version   : HCANN000001: Hibernate Commons Annotations {5.1.2.Final}
2020-12-16 10:12:40.156  INFO 17543 --- [    Test worker] com.zaxxer.hikari.HikariDataSource       : HikariPool-1 - Starting...
2020-12-16 10:12:40.387  INFO 17543 --- [    Test worker] com.zaxxer.hikari.HikariDataSource       : HikariPool-1 - Start completed.
2020-12-16 10:12:40.406  INFO 17543 --- [    Test worker] org.hibernate.dialect.Dialect            : HHH000400: Using dialect: org.hibernate.dialect.H2Dialect
Hibernate: create table client (id bigint not null, first_name varchar(255), primary key (id))
Hibernate: create sequence hibernate_sequence start with 1 increment by 1
2020-12-16 10:12:41.053  INFO 17543 --- [    Test worker] o.h.e.t.j.p.i.JtaPlatformInitiator       : HHH000490: Using JtaPlatform implementation: [org.hibernate.engine.transaction.jta.platform.internal.NoJtaPlatform]
2020-12-16 10:12:41.062  INFO 17543 --- [    Test worker] j.LocalContainerEntityManagerFactoryBean : Initialized JPA EntityManagerFactory for persistence unit 'default'
2020-12-16 10:12:41.783  WARN 17543 --- [    Test worker] JpaBaseConfiguration$JpaWebConfiguration : spring.jpa.open-in-view is enabled by default. Therefore, database queries may be performed during view rendering. Explicitly configure spring.jpa.open-in-view to disable this warning
2020-12-16 10:12:42.049  INFO 17543 --- [    Test worker] o.s.s.concurrent.ThreadPoolTaskExecutor  : Initializing ExecutorService 'applicationTaskExecutor'
2020-12-16 10:12:42.173  INFO 17543 --- [    Test worker] o.s.b.a.w.s.WelcomePageHandlerMapping    : Adding welcome page: URL [file:src/main/resources/static/index.html]
2020-12-16 10:12:42.656  INFO 17543 --- [    Test worker] o.t.tweb.jpa.JpaApplicationTests         : Started JpaApplicationTests in 4.579 seconds (JVM running for 6.153)
]]></system-out>
  <system-err><![CDATA[]]></system-err>
</testsuite>
