<?xml version="1.0" encoding="UTF-8" ?>
<testsuite tests="3" failures="0" name="LessonTest" time="0.019" errors="0" skipped="0">
  <properties>
    <property name="java.runtime.name" value="OpenJDK Runtime Environment"/>
    <property name="java.vm.version" value="11.0.4+10-b520.11"/>
    <property name="sun.boot.library.path" value="C:\Users\Utilizador\AppData\Local\JetBrains\Toolbox\apps\IDEA-C\ch-0\193.5233.102\jbr\bin"/>
    <property name="maven.multiModuleProjectDirectory" value="C:\Users\Utilizador\Desktop\trabalhofinalmds\TrabalhoMDS"/>
    <property name="java.vm.vendor" value="JetBrains s.r.o"/>
    <property name="java.vendor.url" value="https://www.jetbrains.com/"/>
    <property name="guice.disable.misplaced.annotation.check" value="true"/>
    <property name="path.separator" value=";"/>
    <property name="java.vm.name" value="OpenJDK 64-Bit Server VM"/>
    <property name="sun.os.patch.level" value=""/>
    <property name="user.script" value=""/>
    <property name="user.country" value="PT"/>
    <property name="sun.java.launcher" value="SUN_STANDARD"/>
    <property name="java.vm.specification.name" value="Java Virtual Machine Specification"/>
    <property name="user.dir" value="C:\Users\Utilizador\Desktop\trabalhofinalmds\TrabalhoMDS"/>
    <property name="java.vm.compressedOopsMode" value="Zero based"/>
    <property name="java.runtime.version" value="11.0.4+10-b520.11"/>
    <property name="java.awt.graphicsenv" value="sun.awt.Win32GraphicsEnvironment"/>
    <property name="os.arch" value="amd64"/>
    <property name="java.io.tmpdir" value="C:\Users\UTILIZ~1\AppData\Local\Temp\"/>
    <property name="line.separator" value="
"/>
    <property name="java.vm.specification.vendor" value="Oracle Corporation"/>
    <property name="user.variant" value=""/>
    <property name="os.name" value="Windows 10"/>
    <property name="maven.ext.class.path" value="C:\Users\Utilizador\AppData\Local\JetBrains\Toolbox\apps\IDEA-C\ch-0\193.5233.102\plugins\maven\lib\maven-event-listener.jar"/>
    <property name="classworlds.conf" value="C:\Users\Utilizador\AppData\Local\JetBrains\Toolbox\apps\IDEA-C\ch-0\193.5233.102\plugins\maven\lib\maven3\bin\m2.conf"/>
    <property name="sun.jnu.encoding" value="Cp1252"/>
    <property name="java.library.path" value="C:\Users\Utilizador\AppData\Local\JetBrains\Toolbox\apps\IDEA-C\ch-0\193.5233.102\jbr\bin;C:\Windows\Sun\Java\bin;C:\Windows\system32;C:\Windows;C:\Program Files (x86)\Razer Chroma SDK\bin;C:\Program Files\Razer Chroma SDK\bin;C:\Program Files (x86)\Common Files\Oracle\Java\javapath;C:\Program Files (x86)\Razer\ChromaBroadcast\bin;C:\Program Files\Razer\ChromaBroadcast\bin;C:\Windows\system32;C:\Windows;C:\Windows\System32\Wbem;C:\Windows\System32\WindowsPowerShell\v1.0\;C:\Windows\System32\OpenSSH\;C:\Program Files (x86)\Intel\Intel(R) Management Engine Components\DAL;C:\Program Files\Intel\Intel(R) Management Engine Components\DAL;C:\Windows\system32\config\systemprofile\AppData\Local\Microsoft\WindowsApps;C:\Program Files\NVIDIA Corporation\NVIDIA NvDLISR;C:\Program Files (x86)\NVIDIA Corporation\PhysX\Common;C:\Users\Utilizador\AppData\Local\Microsoft\WindowsApps;C:\MinGW\bin;C:\Program Files\Git\cmd;C:\Users\Utilizador\AppData\Local\Programs\Python\Python38-32\Scripts\;C:\Users\Utilizador\AppData\Local\Programs\Python\Python38-32\;C:\Users\Utilizador\AppData\Local\Microsoft\WindowsApps;;C:\Users\Utilizador\AppData\Local\Programs\Microsoft VS Code\bin;D:\Exercism;."/>
    <property name="maven.conf" value="C:\Users\Utilizador\AppData\Local\JetBrains\Toolbox\apps\IDEA-C\ch-0\193.5233.102\plugins\maven\lib\maven3/conf"/>
    <property name="jdk.debug" value="release"/>
    <property name="java.class.version" value="55.0"/>
    <property name="java.specification.name" value="Java Platform API Specification"/>
    <property name="sun.management.compiler" value="HotSpot 64-Bit Tiered Compilers"/>
    <property name="os.version" value="10.0"/>
    <property name="user.home" value="C:\Users\Utilizador"/>
    <property name="user.timezone" value="Europe/London"/>
    <property name="java.awt.printerjob" value="sun.awt.windows.WPrinterJob"/>
    <property name="file.encoding" value="UTF-8"/>
    <property name="java.specification.version" value="11"/>
    <property name="user.name" value="Utilizador"/>
    <property name="java.class.path" value="C:\Users\Utilizador\AppData\Local\JetBrains\Toolbox\apps\IDEA-C\ch-0\193.5233.102\plugins\maven\lib\maven3\boot\plexus-classworlds-2.6.0.jar"/>
    <property name="java.vm.specification.version" value="11"/>
    <property name="sun.arch.data.model" value="64"/>
    <property name="sun.java.command" value="org.codehaus.classworlds.Launcher -Didea.version2019.3 test"/>
    <property name="java.home" value="C:\Users\Utilizador\AppData\Local\JetBrains\Toolbox\apps\IDEA-C\ch-0\193.5233.102\jbr"/>
    <property name="user.language" value="pt"/>
    <property name="java.specification.vendor" value="Oracle Corporation"/>
    <property name="awt.toolkit" value="sun.awt.windows.WToolkit"/>
    <property name="java.vm.info" value="mixed mode"/>
    <property name="java.version" value="11.0.4"/>
    <property name="java.vendor" value="JetBrains s.r.o"/>
    <property name="maven.home" value="C:\Users\Utilizador\AppData\Local\JetBrains\Toolbox\apps\IDEA-C\ch-0\193.5233.102\plugins\maven\lib\maven3"/>
    <property name="file.separator" value="\"/>
    <property name="idea.version2019.3" value="true"/>
    <property name="java.version.date" value="2019-07-16"/>
    <property name="java.vendor.url.bug" value="https://youtrack.jetbrains.com"/>
    <property name="sun.io.unicode.encoding" value="UnicodeLittle"/>
    <property name="sun.cpu.endian" value="little"/>
    <property name="sun.desktop" value="windows"/>
    <property name="sun.cpu.isalist" value="amd64"/>
  </properties>
  <testcase classname="LessonTest" name="LessonNFaltasShouldBeAnInteger" time="0.003"/>
  <testcase classname="LessonTest" name="LessonDataShouldHaveThatDateFormat" time="0.015"/>
  <testcase classname="LessonTest" name="LessonHoraShouldHaveThatHourFormat" time="0.001"/>
</testsuite>